<?xml version="1.0" encoding="UTF-8"?>
<robot generator="Robot 6.0.2 (Python 3.11.2 on darwin)" generated="20231217 17:13:14.180" rpa="false" schemaversion="3">
<suite id="s1" name="RegisterTestcases" source="/Users/hathaipachiamnetr/Documents/13.futureskill/testcases/RegisterTestcases.robot">
<kw name="Open Browser" library="SeleniumLibrary" type="SETUP">
<arg>${baseUrl}</arg>
<arg>chrome</arg>
<doc>Opens a new browser instance to the optional ``url``.</doc>
<msg timestamp="20231217 17:13:14.437" level="INFO">Opening browser 'chrome' to base url 'https://futureskill.co/'.</msg>
<status status="PASS" starttime="20231217 17:13:14.437" endtime="20231217 17:13:17.870"/>
</kw>
<test id="s1-t1" name="As a user, I want to register success with valid information" line="11">
<kw name="When user register to future skill platform with ${email} , ${firstname}, ${lastname} , ${mobile}, ${password} and ${confirmpassword}" library="RegisterKeywords" sourcename="user register to future skill platform with ${email} , ${firstname}, ${lastname} , ${mobile}, ${password} and ${confirmpassword}">
<kw name="Wait until element is ready then click element" library="CommonKeywords">
<arg>xpath=//button[ text()="สมัครสมาชิก"]</arg>
<kw name="Wait Until Keyword Succeeds" library="BuiltIn">
<arg>5x</arg>
<arg>2s</arg>
<arg>Click element</arg>
<arg>${locator}</arg>
<doc>Runs the specified keyword and retries if it fails.</doc>
<kw name="Click Element" library="SeleniumLibrary">
<arg>${locator}</arg>
<doc>Click the element identified by ``locator``.</doc>
<msg timestamp="20231217 17:13:17.875" level="INFO">Clicking element 'xpath=//button[ text()="สมัครสมาชิก"]'.</msg>
<msg timestamp="20231217 17:13:18.305" level="INFO" html="true">&lt;/td&gt;&lt;/tr&gt;&lt;tr&gt;&lt;td colspan="3"&gt;&lt;a href="selenium-screenshot-1.png"&gt;&lt;img src="selenium-screenshot-1.png" width="800px"&gt;&lt;/a&gt;</msg>
<msg timestamp="20231217 17:13:18.306" level="FAIL">Element with locator 'xpath=//button[ text()="สมัครสมาชิก"]' not found.</msg>
<status status="FAIL" starttime="20231217 17:13:17.874" endtime="20231217 17:13:18.313"/>
</kw>
<kw name="Click Element" library="SeleniumLibrary">
<arg>${locator}</arg>
<doc>Click the element identified by ``locator``.</doc>
<msg timestamp="20231217 17:13:20.315" level="INFO">Clicking element 'xpath=//button[ text()="สมัครสมาชิก"]'.</msg>
<status status="PASS" starttime="20231217 17:13:20.314" endtime="20231217 17:13:21.823"/>
</kw>
<status status="PASS" starttime="20231217 17:13:17.874" endtime="20231217 17:13:21.823"/>
</kw>
<status status="PASS" starttime="20231217 17:13:17.873" endtime="20231217 17:13:21.824"/>
</kw>
<kw name="Wait until element is ready then input text" library="CommonKeywords">
<arg>name=email</arg>
<arg>${email}</arg>
<kw name="Wait Until Keyword Succeeds" library="BuiltIn">
<arg>5x</arg>
<arg>2s</arg>
<arg>Input text</arg>
<arg>${locator}</arg>
<arg>${text}</arg>
<doc>Runs the specified keyword and retries if it fails.</doc>
<kw name="Input Text" library="SeleniumLibrary">
<arg>${locator}</arg>
<arg>${text}</arg>
<doc>Types the given ``text`` into the text field identified by ``locator``.</doc>
<msg timestamp="20231217 17:13:21.825" level="INFO">Typing text 'iormm168@gmail.com' into text field 'name=email'.</msg>
<status status="PASS" starttime="20231217 17:13:21.824" endtime="20231217 17:13:22.287"/>
</kw>
<status status="PASS" starttime="20231217 17:13:21.824" endtime="20231217 17:13:22.287"/>
</kw>
<status status="PASS" starttime="20231217 17:13:21.824" endtime="20231217 17:13:22.287"/>
</kw>
<kw name="Wait until element is ready then input text" library="CommonKeywords">
<arg>name=firstName</arg>
<arg>${firstname}</arg>
<kw name="Wait Until Keyword Succeeds" library="BuiltIn">
<arg>5x</arg>
<arg>2s</arg>
<arg>Input text</arg>
<arg>${locator}</arg>
<arg>${text}</arg>
<doc>Runs the specified keyword and retries if it fails.</doc>
<kw name="Input Text" library="SeleniumLibrary">
<arg>${locator}</arg>
<arg>${text}</arg>
<doc>Types the given ``text`` into the text field identified by ``locator``.</doc>
<msg timestamp="20231217 17:13:22.289" level="INFO">Typing text 'Hathaipach' into text field 'name=firstName'.</msg>
<status status="PASS" starttime="20231217 17:13:22.289" endtime="20231217 17:13:22.430"/>
</kw>
<status status="PASS" starttime="20231217 17:13:22.288" endtime="20231217 17:13:22.430"/>
</kw>
<status status="PASS" starttime="20231217 17:13:22.287" endtime="20231217 17:13:22.430"/>
</kw>
<kw name="Wait until element is ready then input text" library="CommonKeywords">
<arg>name=lastName</arg>
<arg>${lastname}</arg>
<kw name="Wait Until Keyword Succeeds" library="BuiltIn">
<arg>5x</arg>
<arg>2s</arg>
<arg>Input text</arg>
<arg>${locator}</arg>
<arg>${text}</arg>
<doc>Runs the specified keyword and retries if it fails.</doc>
<kw name="Input Text" library="SeleniumLibrary">
<arg>${locator}</arg>
<arg>${text}</arg>
<doc>Types the given ``text`` into the text field identified by ``locator``.</doc>
<msg timestamp="20231217 17:13:22.431" level="INFO">Typing text 'Iamnetr' into text field 'name=lastName'.</msg>
<status status="PASS" starttime="20231217 17:13:22.430" endtime="20231217 17:13:22.499"/>
</kw>
<status status="PASS" starttime="20231217 17:13:22.430" endtime="20231217 17:13:22.499"/>
</kw>
<status status="PASS" starttime="20231217 17:13:22.430" endtime="20231217 17:13:22.499"/>
</kw>
<kw name="Wait until element is ready then input text" library="CommonKeywords">
<arg>name=phoneNumber</arg>
<arg>${mobile}</arg>
<kw name="Wait Until Keyword Succeeds" library="BuiltIn">
<arg>5x</arg>
<arg>2s</arg>
<arg>Input text</arg>
<arg>${locator}</arg>
<arg>${text}</arg>
<doc>Runs the specified keyword and retries if it fails.</doc>
<kw name="Input Text" library="SeleniumLibrary">
<arg>${locator}</arg>
<arg>${text}</arg>
<doc>Types the given ``text`` into the text field identified by ``locator``.</doc>
<msg timestamp="20231217 17:13:22.500" level="INFO">Typing text '0808587892' into text field 'name=phoneNumber'.</msg>
<status status="PASS" starttime="20231217 17:13:22.500" endtime="20231217 17:13:22.585"/>
</kw>
<status status="PASS" starttime="20231217 17:13:22.500" endtime="20231217 17:13:22.585"/>
</kw>
<status status="PASS" starttime="20231217 17:13:22.500" endtime="20231217 17:13:22.585"/>
</kw>
<kw name="Wait until element is ready then input text" library="CommonKeywords">
<arg>name=newPassword</arg>
<arg>${password}</arg>
<kw name="Wait Until Keyword Succeeds" library="BuiltIn">
<arg>5x</arg>
<arg>2s</arg>
<arg>Input text</arg>
<arg>${locator}</arg>
<arg>${text}</arg>
<doc>Runs the specified keyword and retries if it fails.</doc>
<kw name="Input Text" library="SeleniumLibrary">
<arg>${locator}</arg>
<arg>${text}</arg>
<doc>Types the given ``text`` into the text field identified by ``locator``.</doc>
<msg timestamp="20231217 17:13:22.586" level="INFO">Typing text 'Password123!' into text field 'name=newPassword'.</msg>
<status status="PASS" starttime="20231217 17:13:22.586" endtime="20231217 17:13:22.706"/>
</kw>
<status status="PASS" starttime="20231217 17:13:22.585" endtime="20231217 17:13:22.706"/>
</kw>
<status status="PASS" starttime="20231217 17:13:22.585" endtime="20231217 17:13:22.706"/>
</kw>
<kw name="Wait until element is ready then input text" library="CommonKeywords">
<arg>name=confirmPassword</arg>
<arg>${confirmpassword}</arg>
<kw name="Wait Until Keyword Succeeds" library="BuiltIn">
<arg>5x</arg>
<arg>2s</arg>
<arg>Input text</arg>
<arg>${locator}</arg>
<arg>${text}</arg>
<doc>Runs the specified keyword and retries if it fails.</doc>
<kw name="Input Text" library="SeleniumLibrary">
<arg>${locator}</arg>
<arg>${text}</arg>
<doc>Types the given ``text`` into the text field identified by ``locator``.</doc>
<msg timestamp="20231217 17:13:22.708" level="INFO">Typing text 'Password123!' into text field 'name=confirmPassword'.</msg>
<status status="PASS" starttime="20231217 17:13:22.707" endtime="20231217 17:13:22.796"/>
</kw>
<status status="PASS" starttime="20231217 17:13:22.707" endtime="20231217 17:13:22.796"/>
</kw>
<status status="PASS" starttime="20231217 17:13:22.707" endtime="20231217 17:13:22.796"/>
</kw>
<kw name="Wait until element is ready then click element" library="CommonKeywords">
<arg>xpath=//input[@type="checkbox" ]</arg>
<kw name="Wait Until Keyword Succeeds" library="BuiltIn">
<arg>5x</arg>
<arg>2s</arg>
<arg>Click element</arg>
<arg>${locator}</arg>
<doc>Runs the specified keyword and retries if it fails.</doc>
<kw name="Click Element" library="SeleniumLibrary">
<arg>${locator}</arg>
<doc>Click the element identified by ``locator``.</doc>
<msg timestamp="20231217 17:13:22.798" level="INFO">Clicking element 'xpath=//input[@type="checkbox" ]'.</msg>
<status status="PASS" starttime="20231217 17:13:22.797" endtime="20231217 17:13:22.881"/>
</kw>
<status status="PASS" starttime="20231217 17:13:22.797" endtime="20231217 17:13:22.881"/>
</kw>
<status status="PASS" starttime="20231217 17:13:22.797" endtime="20231217 17:13:22.881"/>
</kw>
<kw name="Wait until element is ready then click element" library="CommonKeywords">
<arg>xpath=//button[@type="submit" and text()="สมัครสมาชิก"]</arg>
<kw name="Wait Until Keyword Succeeds" library="BuiltIn">
<arg>5x</arg>
<arg>2s</arg>
<arg>Click element</arg>
<arg>${locator}</arg>
<doc>Runs the specified keyword and retries if it fails.</doc>
<kw name="Click Element" library="SeleniumLibrary">
<arg>${locator}</arg>
<doc>Click the element identified by ``locator``.</doc>
<msg timestamp="20231217 17:13:22.883" level="INFO">Clicking element 'xpath=//button[@type="submit" and text()="สมัครสมาชิก"]'.</msg>
<status status="PASS" starttime="20231217 17:13:22.882" endtime="20231217 17:13:22.984"/>
</kw>
<status status="PASS" starttime="20231217 17:13:22.882" endtime="20231217 17:13:22.984"/>
</kw>
<status status="PASS" starttime="20231217 17:13:22.882" endtime="20231217 17:13:22.984"/>
</kw>
<status status="PASS" starttime="20231217 17:13:17.872" endtime="20231217 17:13:22.984"/>
</kw>
<kw name="Then future skill should display home page and display message as &quot;ระบบได้ส่งรหัส OTP ไปยังเบอร์โทรศัพท์&quot;" library="HomePageKeywords" sourcename="future skill should display home page and display message as &quot;${expect_message}&quot;">
<kw name="Wait until page contains element then verify text" library="CommonKeywords">
<arg>${expect_message}</arg>
<kw name="Wait Until Keyword Succeeds" library="BuiltIn">
<arg>5x</arg>
<arg>2s</arg>
<arg>Page Should Contain</arg>
<arg>${expected_text}</arg>
<doc>Runs the specified keyword and retries if it fails.</doc>
<kw name="Page Should Contain" library="SeleniumLibrary">
<arg>${expected_text}</arg>
<doc>Verifies that current page contains ``text``.</doc>
<msg timestamp="20231217 17:13:23.721" level="INFO" html="true">&lt;/td&gt;&lt;/tr&gt;&lt;tr&gt;&lt;td colspan="3"&gt;&lt;a href="selenium-screenshot-2.png"&gt;&lt;img src="selenium-screenshot-2.png" width="800px"&gt;&lt;/a&gt;</msg>
<msg timestamp="20231217 17:13:23.721" level="FAIL">Page should have contained text 'ระบบได้ส่งรหัส OTP ไปยังเบอร์โทรศัพท์' but did not.</msg>
<status status="FAIL" starttime="20231217 17:13:22.985" endtime="20231217 17:13:23.721"/>
</kw>
<kw name="Page Should Contain" library="SeleniumLibrary">
<arg>${expected_text}</arg>
<doc>Verifies that current page contains ``text``.</doc>
<msg timestamp="20231217 17:13:25.744" level="INFO">Current page contains text 'ระบบได้ส่งรหัส OTP ไปยังเบอร์โทรศัพท์'.</msg>
<status status="PASS" starttime="20231217 17:13:25.724" endtime="20231217 17:13:25.744"/>
</kw>
<status status="PASS" starttime="20231217 17:13:22.985" endtime="20231217 17:13:25.744"/>
</kw>
<status status="PASS" starttime="20231217 17:13:22.984" endtime="20231217 17:13:25.744"/>
</kw>
<status status="PASS" starttime="20231217 17:13:22.984" endtime="20231217 17:13:25.744"/>
</kw>
<status status="PASS" starttime="20231217 17:13:17.871" endtime="20231217 17:13:25.745"/>
</test>
<status status="PASS" starttime="20231217 17:13:14.182" endtime="20231217 17:13:25.746"/>
</suite>
<statistics>
<total>
<stat pass="1" fail="0" skip="0">All Tests</stat>
</total>
<tag>
</tag>
<suite>
<stat pass="1" fail="0" skip="0" id="s1" name="RegisterTestcases">RegisterTestcases</stat>
</suite>
</statistics>
<errors>
</errors>
</robot>
